Processed files: QL___103.183 QL___856.183 QL___857.183
Lamps:
 103: 4 scans used with temperature ranging from  28C to  29C
 856: 4 scans used with temperature ranging from  32C to  32C
 857: 4 scans used with temperature ranging from  24C to  26C

---------------------------
  WL    Resp       Fit        Diff   %diff |    103  |    856  |    857  |
 2865   1092.53   1091.68    -0.85    -0.1%|   0.00% |   0.14% |  -1.15% |
 2900   1270.43   1272.98     2.55     0.2%|   0.00% |   0.67% |  -0.55% |
 2935   1431.44   1432.58     1.14     0.1%|   0.00% |  -1.07% |  -2.08% |
 2970   1580.54   1572.63    -7.91    -0.5%|   0.00% |  -1.55% |  -1.51% |
 3005   1694.66   1697.56     2.90     0.2%|   0.00% |  -1.78% |  -2.08% |
 3040   1810.60   1811.81     1.21     0.1%|   0.00% |  -1.12% |  -1.51% |
 3075   1912.32   1918.53     6.21     0.3%|   0.00% |  -2.66% |  -1.96% |
 3110   2020.52   2019.06    -1.46    -0.1%|   0.00% |  -2.10% |  -1.53% |
 3145   2116.04   2113.00    -3.04    -0.1%|   0.00% |  -2.61% |  -2.57% |
 3180   2203.85   2198.81    -5.04    -0.2%|   0.00% |  -2.07% |  -1.82% |
 3215   2276.16   2274.61    -1.55    -0.1%|   0.00% |  -3.12% |  -2.95% |
 3250   2333.31   2339.07     5.75     0.2%|   0.00% |  -2.96% |  -1.67% |
 3285   2389.86   2392.20     2.34     0.1%|   0.00% |  -2.84% |  -2.03% |
 3320   2433.12   2435.72     2.60     0.1%|   0.00% |  -3.00% |  -1.71% |
 3355   2477.26   2472.78    -4.48    -0.2%|   0.00% |  -3.35% |  -2.35% |
 3390   2511.29   2507.01    -4.28    -0.2%|   0.00% |  -4.08% |  -2.92% |
 3425   2537.11   2540.66     3.55     0.1%|   0.00% |  -4.19% |  -2.31% |
 3460   2570.60   2571.77     1.17     0.0%|   0.00% |  -4.31% |  -1.97% |
 3495   2591.00   2590.11    -0.89    -0.0%|   0.00% |  -4.57% |  -2.06% |
 3495   2455.47   2455.45    -0.01    -0.0%|   0.00% |  -7.33% |  -1.86% |
 3530   2466.32   2466.25    -0.07    -0.0%|   0.00% |  -7.96% |  -2.10% |
 3565   2474.36   2474.67     0.31     0.0%|   0.00% |  -8.35% |  -2.15% |
 3600   2481.05   2480.71    -0.34    -0.0%|   0.00% |  -9.16% |  -2.19% |
 3635   2484.22   2484.34     0.12     0.0%|   0.00% | -10.08% |  -2.43% |
---------------------------
