Processed files: QL___034.185 QL___039.185
Lamps:
 034: 4 scans used with temperature ranging from  32C to  32C
 039: 4 scans used with temperature ranging from  32C to  33C

---------------------------
  WL    Resp       Fit        Diff   %diff |    034  |    039  |
 2865   7110.50   7107.53    -2.97    -0.0%|   0.00% |  -1.35% |
 2900   7197.98   7212.55    14.57     0.2%|   0.00% |  -0.80% |
 2935   7244.90   7224.43   -20.47    -0.3%|   0.00% |  -1.19% |
 2970   7226.80   7221.47    -5.33    -0.1%|   0.00% |  -1.20% |
 3005   7202.99   7232.55    29.56     0.4%|   0.00% |  -1.04% |
 3040   7263.89   7259.30    -4.59    -0.1%|   0.00% |  -0.56% |
 3075   7308.89   7291.90   -16.99    -0.2%|   0.00% |  -1.48% |
 3110   7323.92   7319.15    -4.77    -0.1%|   0.00% |  -1.78% |
 3145   7327.67   7333.80     6.13     0.1%|   0.00% |  -1.73% |
 3180   7319.85   7334.35    14.50     0.2%|   0.00% |  -1.95% |
 3215   7330.70   7324.11    -6.59    -0.1%|   0.00% |  -1.72% |
 3250   7312.37   7308.48    -3.90    -0.1%|   0.00% |  -2.24% |
 3285   7294.36   7291.70    -2.66    -0.0%|   0.00% |  -2.11% |
 3320   7269.23   7274.27     5.04     0.1%|   0.00% |  -1.90% |
 3355   7257.05   7252.03    -5.02    -0.1%|   0.00% |  -1.86% |
 3390   7212.39   7217.89     5.50     0.1%|   0.00% |  -2.05% |
 3425   7169.11   7167.48    -1.62    -0.0%|   0.00% |  -1.97% |
 3460   7110.30   7109.23    -1.07    -0.0%|   0.00% |  -1.70% |
 3495   7079.22   7079.73     0.51     0.0%|   0.00% |  -1.69% |
 3495   6801.28   6799.21    -2.07    -0.0%|   0.00% |  -1.96% |
 3530   6730.33   6733.59     3.26     0.0%|   0.00% |  -1.94% |
 3565   6666.27   6668.76     2.49     0.0%|   0.00% |  -2.13% |
 3600   6611.20   6604.71    -6.49    -0.1%|   0.00% |  -2.83% |
 3635   6538.62   6541.43     2.81     0.0%|   0.00% |  -2.46% |
---------------------------
