Processed files: QL___026.157 QL___034.157 QL___039.157
Lamps:
 026: no scans selected.
 034: 4 scans used with temperature ranging from  20C to  20C
 039: 4 scans used with temperature ranging from  20C to  20C

---------------------------
  WL    Resp       Fit        Diff   %diff |    034  |    039  |
 2865   1366.60   1366.03    -0.57    -0.0%|  -1.10% |   0.00% |
 2900   1634.43   1636.47     2.04     0.1%|   1.31% |   0.00% |
 2935   1806.50   1804.69    -1.81    -0.1%|  -0.24% |   0.00% |
 2970   1904.90   1906.75     1.86     0.1%|  -0.20% |   0.00% |
 3005   1980.84   1976.66    -4.18    -0.2%|   1.64% |   0.00% |
 3040   2038.92   2036.09    -2.83    -0.1%|  -1.36% |   0.00% |
 3075   2083.98   2095.04    11.06     0.5%|  -0.65% |   0.00% |
 3110   2156.10   2155.52    -0.59    -0.0%|  -0.87% |   0.00% |
 3145   2222.83   2215.06    -7.77    -0.3%|  -0.62% |   0.00% |
 3180   2267.08   2269.59     2.50     0.1%|  -0.74% |   0.00% |
 3215   2316.62   2315.44    -1.18    -0.1%|  -1.26% |   0.00% |
 3250   2353.12   2350.63    -2.49    -0.1%|  -0.68% |   0.00% |
 3285   2370.96   2375.20     4.24     0.2%|   0.05% |   0.00% |
 3320   2387.71   2390.96     3.25     0.1%|  -0.89% |   0.00% |
 3355   2401.41   2400.54    -0.87    -0.0%|  -0.34% |   0.00% |
 3390   2411.91   2406.36    -5.55    -0.2%|   0.24% |   0.00% |
 3425   2408.24   2409.56     1.31     0.1%|  -0.06% |   0.00% |
 3460   2406.90   2409.43     2.53     0.1%|  -0.64% |   0.00% |
 3495   2404.48   2403.43    -1.06    -0.0%|  -0.39% |   0.00% |
 3495   2121.11   2119.69    -1.42    -0.1%|  -0.19% |   0.00% |
 3530   2114.74   2115.70     0.96     0.0%|  -0.72% |   0.00% |
 3565   2101.53   2107.13     5.60     0.3%|  -0.55% |   0.00% |
 3600   2102.42   2094.03    -8.39    -0.4%|  -0.10% |   0.00% |
 3635   2073.26   2076.49     3.23     0.2%|  -0.75% |   0.00% |
---------------------------
