Processed files: QL___034.185 QL___039.185
Lamps:
 034: 4 scans used with temperature ranging from  21C to  22C
 039: 4 scans used with temperature ranging from  21C to  21C

---------------------------
  WL    Resp       Fit        Diff   %diff |    034  |    039  |
 2865   6762.06   6764.16     2.10     0.0%|   0.00% |  -2.04% |
 2900   6861.83   6858.49    -3.33    -0.0%|   0.00% |  -0.54% |
 2935   6889.39   6883.16    -6.23    -0.1%|   0.00% |  -0.82% |
 2970   6888.04   6892.43     4.39     0.1%|   0.00% |  -1.29% |
 3005   6885.20   6907.11    21.92     0.3%|   0.00% |  -0.94% |
 3040   6943.76   6929.40   -14.36    -0.2%|   0.00% |  -0.98% |
 3075   6964.77   6953.62   -11.14    -0.2%|   0.00% |  -0.82% |
 3110   6985.93   6973.09   -12.84    -0.2%|   0.00% |  -0.66% |
 3145   6964.20   6983.65    19.44     0.3%|   0.00% |  -1.31% |
 3180   6979.61   6984.84     5.23     0.1%|   0.00% |  -0.66% |
 3215   6976.06   6979.13     3.07     0.0%|   0.00% |  -0.77% |
 3250   6969.32   6970.03     0.71     0.0%|   0.00% |  -0.28% |
 3285   6971.83   6959.94   -11.89    -0.2%|   0.00% |  -1.18% |
 3320   6953.62   6948.42    -5.20    -0.1%|   0.00% |  -0.92% |
 3355   6931.21   6931.70     0.49     0.0%|   0.00% |  -1.11% |
 3390   6894.08   6904.19    10.11     0.1%|   0.00% |  -0.92% |
 3425   6855.91   6862.63     6.72     0.1%|   0.00% |  -1.17% |
 3460   6827.24   6813.51   -13.73    -0.2%|   0.00% |  -0.94% |
 3495   6779.87   6784.29     4.42     0.1%|   0.00% |  -1.31% |
 3495   6555.52   6553.20    -2.31    -0.0%|   0.00% |  -0.95% |
 3530   6490.04   6493.68     3.64     0.1%|   0.00% |  -1.31% |
 3565   6418.04   6420.82     2.79     0.0%|   0.00% |  -0.84% |
 3600   6342.31   6335.09    -7.23    -0.1%|   0.00% |  -1.06% |
 3635   6233.91   6237.02     3.10     0.0%|   0.00% |  -1.05% |
---------------------------
