Processed files: QL___856.185 QL__103.185 QL__S857.185
Lamps:
 856: 4 scans used with temperature ranging from  32C to  32C
 103: 4 scans used with temperature ranging from  25C to  26C
 S857: no scans selected.

---------------------------
  WL    Resp       Fit        Diff   %diff |    856  |    103  |
 2865   7951.81   7951.10    -0.71    -0.0%|   2.07% |   0.00% |
 2900   8028.23   8033.59     5.36     0.1%|   1.57% |   0.00% |
 2935   8065.61   8055.85    -9.76    -0.1%|   1.66% |   0.00% |
 2970   8064.76   8060.28    -4.48    -0.1%|   1.62% |   0.00% |
 3005   8039.33   8064.66    25.33     0.3%|   1.43% |   0.00% |
 3040   8088.35   8072.75   -15.61    -0.2%|   1.46% |   0.00% |
 3075   8079.42   8081.95     2.53     0.0%|   1.21% |   0.00% |
 3110   8103.88   8088.27   -15.61    -0.2%|   1.64% |   0.00% |
 3145   8078.16   8088.90    10.74     0.1%|   1.26% |   0.00% |
 3180   8078.06   8083.11     5.05     0.1%|   1.41% |   0.00% |
 3215   8070.60   8071.79     1.19     0.0%|   1.47% |   0.00% |
 3250   8055.41   8056.35     0.94     0.0%|   1.23% |   0.00% |
 3285   8045.44   8037.42    -8.03    -0.1%|   0.56% |   0.00% |
 3320   8011.43   8013.80     2.37     0.0%|   1.13% |   0.00% |
 3355   7985.65   7982.49    -3.16    -0.0%|   0.77% |   0.00% |
 3390   7938.73   7939.95     1.22     0.0%|   0.90% |   0.00% |
 3425   7875.75   7885.35     9.60     0.1%|   1.01% |   0.00% |
 3460   7835.77   7826.03    -9.74    -0.1%|   0.96% |   0.00% |
 3495   7782.92   7785.56     2.64     0.0%|   0.98% |   0.00% |
 3495   7456.52   7454.22    -2.31    -0.0%|   0.93% |   0.00% |
 3530   7371.87   7377.83     5.96     0.1%|   1.27% |   0.00% |
 3565   7298.57   7294.41    -4.16    -0.1%|   1.13% |   0.00% |
 3600   7204.55   7204.20    -0.35    -0.0%|   0.86% |   0.00% |
 3635   7106.64   7107.49     0.85     0.0%|   0.69% |   0.00% |
---------------------------
