Processed files: QL___103.157 QL___856.157 QL___857.157
Lamps:
 103: 4 scans used with temperature ranging from  31C to  32C
 856: 4 scans used with temperature ranging from  33C to  33C
 857: 4 scans used with temperature ranging from  33C to  34C

---------------------------
  WL    Resp       Fit        Diff   %diff |    103  |    856  |    857  |
 2865   1637.96   1636.81    -1.15    -0.1%|   0.00% |   0.93% |  -4.01% |
 2900   1887.24   1891.66     4.42     0.2%|   0.00% |   1.67% |  -2.26% |
 2935   2067.90   2063.49    -4.40    -0.2%|   0.00% |   0.61% |  -1.55% |
 2970   2175.70   2177.41     1.70     0.1%|   0.00% |   0.98% |  -0.94% |
 3005   2262.19   2258.95    -3.24    -0.1%|   0.00% |   1.15% |  -2.20% |
 3040   2330.23   2326.78    -3.44    -0.1%|   0.00% |   0.30% |  -1.57% |
 3075   2379.37   2391.49    12.11     0.5%|   0.00% |   0.02% |  -1.72% |
 3110   2456.67   2456.94     0.28     0.0%|   0.00% |   0.70% |  -2.02% |
 3145   2528.29   2522.33    -5.95    -0.2%|   0.00% |   0.28% |  -1.62% |
 3180   2588.20   2584.20    -4.00    -0.2%|   0.00% |   0.77% |  -1.54% |
 3215   2639.40   2638.32    -1.08    -0.0%|   0.00% |  -0.32% |  -1.50% |
 3250   2679.39   2681.30     1.92     0.1%|   0.00% |   0.76% |  -1.55% |
 3285   2704.80   2711.75     6.95     0.3%|   0.00% |   0.20% |  -1.66% |
 3320   2733.29   2730.69    -2.60    -0.1%|   0.00% |   0.31% |  -2.02% |
 3355   2741.48   2741.27    -0.22    -0.0%|   0.00% |  -0.02% |  -1.41% |
 3390   2748.08   2747.46    -0.63    -0.0%|   0.00% |   0.38% |  -1.90% |
 3425   2757.39   2752.13    -5.26    -0.2%|   0.00% |   0.45% |  -1.50% |
 3460   2747.81   2754.26     6.45     0.2%|   0.00% |  -0.27% |  -1.47% |
 3495   2747.41   2745.46    -1.95    -0.1%|   0.00% |   0.21% |  -1.63% |
 3495   2468.48   2467.05    -1.43    -0.1%|   0.00% |   0.08% |  -0.91% |
 3530   2449.51   2452.58     3.08     0.1%|   0.00% |   0.04% |  -1.35% |
 3565   2434.37   2433.67    -0.70    -0.0%|   0.00% |  -0.08% |  -1.41% |
 3600   2412.52   2410.41    -2.11    -0.1%|   0.00% |   0.08% |  -1.65% |
 3635   2381.78   2382.94     1.15     0.0%|   0.00% |   0.15% |  -1.67% |
---------------------------
